<?xml version="1.0" encoding="UTF-8"?>
<!-- Generated by org.testng.reporters.JUnitReportReporter -->
<testsuite hostname="LAPTOP-E5VLIG60" failures="0" tests="16" name="com.petstore.runners.HomeRunner" time="355.152" errors="0" timestamp="2025-03-17T12:29:26 IST" skipped="0">
  <testcase classname="com.petstore.runners.HomeRunner" name="runScenario" time="18.855"/>
  <testcase classname="com.petstore.runners.HomeRunner" name="runScenario" time="17.392"/>
  <testcase classname="com.petstore.runners.HomeRunner" name="runScenario" time="26.424"/>
  <testcase classname="com.petstore.runners.HomeRunner" name="runScenario" time="18.359"/>
  <testcase classname="com.petstore.runners.HomeRunner" name="runScenario" time="17.955"/>
  <testcase classname="com.petstore.runners.HomeRunner" name="runScenario" time="24.867"/>
  <testcase classname="com.petstore.runners.HomeRunner" name="runScenario" time="17.827"/>
  <testcase classname="com.petstore.runners.HomeRunner" name="runScenario" time="38.715"/>
  <testcase classname="com.petstore.runners.HomeRunner" name="runScenario" time="25.765"/>
  <testcase classname="com.petstore.runners.HomeRunner" name="runScenario" time="25.168"/>
  <testcase classname="com.petstore.runners.HomeRunner" name="runScenario" time="17.470"/>
  <testcase classname="com.petstore.runners.HomeRunner" name="runScenario" time="26.226"/>
  <testcase classname="com.petstore.runners.HomeRunner" name="runScenario" time="19.885"/>
  <testcase classname="com.petstore.runners.HomeRunner" name="runScenario" time="26.503"/>
  <testcase classname="com.petstore.runners.HomeRunner" name="runScenario" time="16.456"/>
  <testcase classname="com.petstore.runners.HomeRunner" name="runScenario" time="17.285"/>
</testsuite> <!-- com.petstore.runners.HomeRunner -->
