<?xml version="1.0" encoding="UTF-8"?>
<!-- Generated by org.testng.reporters.JUnitReportReporter -->
<testsuite hostname="LAPTOP-E5VLIG60" failures="0" tests="6" name="com.petstore.runners.HomePageRunner" time="150.680" errors="0" timestamp="2025-03-14T22:49:51 IST" skipped="0">
  <testcase classname="com.petstore.runners.HomePageRunner" name="runScenario" time="17.990"/>
  <testcase classname="com.petstore.runners.HomePageRunner" name="runScenario" time="44.477"/>
  <testcase classname="com.petstore.runners.HomePageRunner" name="runScenario" time="18.393"/>
  <testcase classname="com.petstore.runners.HomePageRunner" name="runScenario" time="36.265"/>
  <testcase classname="com.petstore.runners.HomePageRunner" name="runScenario" time="13.020"/>
  <testcase classname="com.petstore.runners.HomePageRunner" name="runScenario" time="20.535"/>
</testsuite> <!-- com.petstore.runners.HomePageRunner -->
